Exception in thread "AWT-EventQueue-0" java.lang.NullPointerException
	at aqq.Aaaa$B.access$1(Aaaa.java:20)
	at aqq.Aaaa.ft(Aaaa.java:79)
	at aqq.Aaaa.fun(Aaaa.java:88)
	at aqq.Aaaa$1.paintComponent(Aaaa.java:263)
	at javax.swing.JComponent.paint(JComponent.java:1029)
	at javax.swing.JComponent.paintChildren(JComponent.java:862)
	at javax.swing.JComponent.paint(JComponent.java:1038)
	at javax.swing.JComponent.paintChildren(JComponent.java:862)
	at javax.swing.JComponent.paint(JComponent.java:1038)
	at javax.swing.JLayeredPane.paint(JLayeredPane.java:567)
	at javax.swing.JComponent.paintChildren(JComponent.java:862)
	at javax.swing.JComponent.paintToOffscreen(JComponent.java:5131)
	at javax.swing.RepaintManager$PaintManager.paintDoubleBuffered(RepaintManager.java:1479)
	at javax.swing.RepaintManager$PaintManager.paint(RepaintManager.java:1410)
	at javax.swing.RepaintManager.paint(RepaintManager.java:1224)
	at javax.swing.JComponent.paint(JComponent.java:1015)
	at java.awt.GraphicsCallback$PaintCallback.run(GraphicsCallback.java:21)
	at sun.awt.SunGraphicsCallback.runOneComponent(SunGraphicsCallback.java:60)
	at sun.awt.SunGraphicsCallback.runComponents(SunGraphicsCallback.java:97)
	at java.awt.Container.paint(Container.java:1780)
	at java.awt.Window.paint(Window.java:3375)
	at javax.swing.RepaintManager.paintDirtyRegions(RepaintManager.java:796)
	at javax.swing.RepaintManager.paintDirtyRegions(RepaintManager.java:713)
	at javax.swing.RepaintManager.seqPaintDirtyRegions(RepaintManager.java:693)
	at javax.swing.SystemEventQueueUtilities$ComponentWorkRequest.run(SystemEventQueueUtilities.java:125)
	at java.awt.event.InvocationEvent.dispatch(InvocationEvent.java:209)
	at java.awt.EventQueue.dispatchEvent(EventQueue.java:597)
	at java.awt.EventDispatchThread.pumpOneEventForFilters(EventDispatchThread.java:269)
	at java.awt.EventDispatchThread.pumpEventsForFilter(EventDispatchThread.java:184)
	at java.awt.EventDispatchThread.pumpEventsForHierarchy(EventDispatchThread.java:174)
	at java.awt.EventDispatchThread.pumpEvents(EventDispatchThread.java:169)
	at java.awt.EventDispatchThread.pumpEvents(EventDispatchThread.java:161)
	at java.awt.EventDispatchThread.run(EventDispatchThread.java:122)
Exception in thread "AWT-EventQueue-0" java.lang.NullPointerException
	at aqq.Aaaa$B.access$1(Aaaa.java:20)
	at aqq.Aaaa.ft(Aaaa.java:79)
	at aqq.Aaaa.fun(Aaaa.java:88)
	at aqq.Aaaa$1.paintComponent(Aaaa.java:263)
	at javax.swing.JComponent.paint(JComponent.java:1029)
	at javax.swing.JComponent.paintChildren(JComponent.java:862)
	at javax.swing.JComponent.paint(JComponent.java:1038)
	at javax.swing.JComponent.paintChildren(JComponent.java:862)
	at javax.swing.JComponent.paint(JComponent.java:1038)
	at javax.swing.JLayeredPane.paint(JLayeredPane.java:567)
	at javax.swing.JComponent.paintChildren(JComponent.java:862)
	at javax.swing.JComponent.paintToOffscreen(JComponent.java:5131)
	at javax.swing.RepaintManager$PaintManager.paintDoubleBuffered(RepaintManager.java:1479)
	at javax.swing.RepaintManager$PaintManager.paint(RepaintManager.java:1410)
	at javax.swing.RepaintManager.paint(RepaintManager.java:1224)
	at javax.swing.JComponent.paint(JComponent.java:1015)
	at java.awt.GraphicsCallback$PaintCallback.run(GraphicsCallback.java:21)
	at sun.awt.SunGraphicsCallback.runOneComponent(SunGraphicsCallback.java:60)
	at sun.awt.SunGraphicsCallback.runComponents(SunGraphicsCallback.java:97)
	at java.awt.Container.paint(Container.java:1780)
	at java.awt.Window.paint(Window.java:3375)
	at javax.swing.RepaintManager.paintDirtyRegions(RepaintManager.java:796)
	at javax.swing.RepaintManager.paintDirtyRegions(RepaintManager.java:713)
	at javax.swing.RepaintManager.seqPaintDirtyRegions(RepaintManager.java:693)
	at javax.swing.SystemEventQueueUtilities$ComponentWorkRequest.run(SystemEventQueueUtilities.java:125)
	at java.awt.event.InvocationEvent.dispatch(InvocationEvent.java:209)
	at java.awt.EventQueue.dispatchEvent(EventQueue.java:597)
	at java.awt.EventDispatchThread.pumpOneEventForFilters(EventDispatchThread.java:269)
	at java.awt.EventDispatchThread.pumpEventsForFilter(EventDispatchThread.java:184)
	at java.awt.EventDispatchThread.pumpEventsForHierarchy(EventDispatchThread.java:174)
	at java.awt.EventDispatchThread.pumpEvents(EventDispatchThread.java:169)
	at java.awt.EventDispatchThread.pumpEvents(EventDispatchThread.java:161)
	at java.awt.EventDispatchThread.run(EventDispatchThread.java:122)
Exception in thread "AWT-EventQueue-0" java.lang.NullPointerException
	at aqq.Aaaa$B.access$1(Aaaa.java:20)
	at aqq.Aaaa.ft(Aaaa.java:79)
	at aqq.Aaaa.fun(Aaaa.java:88)
	at aqq.Aaaa$1.paintComponent(Aaaa.java:263)
	at javax.swing.JComponent.paint(JComponent.java:1029)
	at javax.swing.JComponent.paintChildren(JComponent.java:862)
	at javax.swing.JComponent.paint(JComponent.java:1038)
	at javax.swing.JComponent.paintChildren(JComponent.java:862)
	at javax.swing.JComponent.paint(JComponent.java:1038)
	at javax.swing.JLayeredPane.paint(JLayeredPane.java:567)
	at javax.swing.JComponent.paintChildren(JComponent.java:862)
	at javax.swing.JComponent.paintToOffscreen(JComponent.java:5131)
	at javax.swing.RepaintManager$PaintManager.paintDoubleBuffered(RepaintManager.java:1479)
	at javax.swing.RepaintManager$PaintManager.paint(RepaintManager.java:1410)
	at javax.swing.RepaintManager.paint(RepaintManager.java:1224)
	at javax.swing.JComponent.paint(JComponent.java:1015)
	at java.awt.GraphicsCallback$PaintCallback.run(GraphicsCallback.java:21)
	at sun.awt.SunGraphicsCallback.runOneComponent(SunGraphicsCallback.java:60)
	at sun.awt.SunGraphicsCallback.runComponents(SunGraphicsCallback.java:97)
	at java.awt.Container.paint(Container.java:1780)
	at java.awt.Window.paint(Window.java:3375)
	at javax.swing.RepaintManager.paintDirtyRegions(RepaintManager.java:796)
	at javax.swing.RepaintManager.paintDirtyRegions(RepaintManager.java:713)
	at javax.swing.RepaintManager.seqPaintDirtyRegions(RepaintManager.java:693)
	at javax.swing.SystemEventQueueUtilities$ComponentWorkRequest.run(SystemEventQueueUtilities.java:125)
	at java.awt.event.InvocationEvent.dispatch(InvocationEvent.java:209)
	at java.awt.EventQueue.dispatchEvent(EventQueue.java:597)
	at java.awt.EventDispatchThread.pumpOneEventForFilters(EventDispatchThread.java:269)
	at java.awt.EventDispatchThread.pumpEventsForFilter(EventDispatchThread.java:184)
	at java.awt.EventDispatchThread.pumpEventsForHierarchy(EventDispatchThread.java:174)
	at java.awt.EventDispatchThread.pumpEvents(EventDispatchThread.java:169)
	at java.awt.EventDispatchThread.pumpEvents(EventDispatchThread.java:161)
	at java.awt.EventDispatchThread.run(EventDispatchThread.java:122)
Exception in thread "AWT-EventQueue-0" java.lang.NullPointerException
	at aqq.Aaaa$B.access$1(Aaaa.java:20)
	at aqq.Aaaa.ft(Aaaa.java:79)
	at aqq.Aaaa.fun(Aaaa.java:88)
	at aqq.Aaaa$1.paintComponent(Aaaa.java:263)
	at javax.swing.JComponent.paint(JComponent.java:1029)
	at javax.swing.JComponent.paintChildren(JComponent.java:862)
	at javax.swing.JComponent.paint(JComponent.java:1038)
	at javax.swing.JComponent.paintChildren(JComponent.java:862)
	at javax.swing.JComponent.paint(JComponent.java:1038)
	at javax.swing.JLayeredPane.paint(JLayeredPane.java:567)
	at javax.swing.JComponent.paintChildren(JComponent.java:862)
	at javax.swing.JComponent.paintToOffscreen(JComponent.java:5131)
	at javax.swing.RepaintManager$PaintManager.paintDoubleBuffered(RepaintManager.java:1479)
	at javax.swing.RepaintManager$PaintManager.paint(RepaintManager.java:1410)
	at javax.swing.RepaintManager.paint(RepaintManager.java:1224)
	at javax.swing.JComponent.paint(JComponent.java:1015)
	at java.awt.GraphicsCallback$PaintCallback.run(GraphicsCallback.java:21)
	at sun.awt.SunGraphicsCallback.runOneComponent(SunGraphicsCallback.java:60)
	at sun.awt.SunGraphicsCallback.runComponents(SunGraphicsCallback.java:97)
	at java.awt.Container.paint(Container.java:1780)
	at java.awt.Window.paint(Window.java:3375)
	at javax.swing.RepaintManager.paintDirtyRegions(RepaintManager.java:796)
	at javax.swing.RepaintManager.paintDirtyRegions(RepaintManager.java:713)
	at javax.swing.RepaintManager.seqPaintDirtyRegions(RepaintManager.java:693)
	at javax.swing.SystemEventQueueUtilities$ComponentWorkRequest.run(SystemEventQueueUtilities.java:125)
	at java.awt.event.InvocationEvent.dispatch(InvocationEvent.java:209)
	at java.awt.EventQueue.dispatchEvent(EventQueue.java:597)
	at java.awt.EventDispatchThread.pumpOneEventForFilters(EventDispatchThread.java:269)
	at java.awt.EventDispatchThread.pumpEventsForFilter(EventDispatchThread.java:184)
	at java.awt.EventDispatchThread.pumpEventsForHierarchy(EventDispatchThread.java:174)
	at java.awt.EventDispatchThread.pumpEvents(EventDispatchThread.java:169)
	at java.awt.EventDispatchThread.pumpEvents(EventDispatchThread.java:161)
	at java.awt.EventDispatchThread.run(EventDispatchThread.java:122)
Exception in thread "AWT-EventQueue-0" java.lang.NullPointerException
	at aqq.Aaaa$B.access$1(Aaaa.java:20)
	at aqq.Aaaa.ft(Aaaa.java:79)
	at aqq.Aaaa.fun(Aaaa.java:88)
	at aqq.Aaaa$1.paintComponent(Aaaa.java:263)
	at javax.swing.JComponent.paint(JComponent.java:1029)
	at javax.swing.JComponent.paintChildren(JComponent.java:862)
	at javax.swing.JComponent.paint(JComponent.java:1038)
	at javax.swing.JComponent.paintChildren(JComponent.java:862)
	at javax.swing.JComponent.paint(JComponent.java:1038)
	at javax.swing.JLayeredPane.paint(JLayeredPane.java:567)
	at javax.swing.JComponent.paintChildren(JComponent.java:862)
	at javax.swing.JComponent.paintToOffscreen(JComponent.java:5131)
	at javax.swing.RepaintManager$PaintManager.paintDoubleBuffered(RepaintManager.java:1479)
	at javax.swing.RepaintManager$PaintManager.paint(RepaintManager.java:1410)
	at javax.swing.RepaintManager.paint(RepaintManager.java:1224)
	at javax.swing.JComponent.paint(JComponent.java:1015)
	at java.awt.GraphicsCallback$PaintCallback.run(GraphicsCallback.java:21)
	at sun.awt.SunGraphicsCallback.runOneComponent(SunGraphicsCallback.java:60)
	at sun.awt.SunGraphicsCallback.runComponents(SunGraphicsCallback.java:97)
	at java.awt.Container.paint(Container.java:1780)
	at java.awt.Window.paint(Window.java:3375)
	at javax.swing.RepaintManager.paintDirtyRegions(RepaintManager.java:796)
	at javax.swing.RepaintManager.paintDirtyRegions(RepaintManager.java:713)
	at javax.swing.RepaintManager.seqPaintDirtyRegions(RepaintManager.java:693)
	at javax.swing.SystemEventQueueUtilities$ComponentWorkRequest.run(SystemEventQueueUtilities.java:125)
	at java.awt.event.InvocationEvent.dispatch(InvocationEvent.java:209)
	at java.awt.EventQueue.dispatchEvent(EventQueue.java:597)
	at java.awt.EventDispatchThread.pumpOneEventForFilters(EventDispatchThread.java:269)
	at java.awt.EventDispatchThread.pumpEventsForFilter(EventDispatchThread.java:184)
	at java.awt.EventDispatchThread.pumpEventsForHierarchy(EventDispatchThread.java:174)
	at java.awt.EventDispatchThread.pumpEvents(EventDispatchThread.java:169)
	at java.awt.EventDispatchThread.pumpEvents(EventDispatchThread.java:161)
	at java.awt.EventDispatchThread.run(EventDispatchThread.java:122)
Exception in thread "AWT-EventQueue-0" java.lang.NullPointerException
	at aqq.Aaaa$B.access$1(Aaaa.java:20)
	at aqq.Aaaa.ft(Aaaa.java:79)
	at aqq.Aaaa.fun(Aaaa.java:88)
	at aqq.Aaaa$1.paintComponent(Aaaa.java:263)
	at javax.swing.JComponent.paint(JComponent.java:1029)
	at javax.swing.JComponent.paintChildren(JComponent.java:862)
	at javax.swing.JComponent.paint(JComponent.java:1038)
	at javax.swing.JComponent.paintChildren(JComponent.java:862)
	at javax.swing.JComponent.paint(JComponent.java:1038)
	at javax.swing.JLayeredPane.paint(JLayeredPane.java:567)
	at javax.swing.JComponent.paintChildren(JComponent.java:862)
	at javax.swing.JComponent.paintToOffscreen(JComponent.java:5131)
	at javax.swing.RepaintManager$PaintManager.paintDoubleBuffered(RepaintManager.java:1479)
	at javax.swing.RepaintManager$PaintManager.paint(RepaintManager.java:1410)
	at javax.swing.RepaintManager.paint(RepaintManager.java:1224)
	at javax.swing.JComponent.paint(JComponent.java:1015)
	at java.awt.GraphicsCallback$PaintCallback.run(GraphicsCallback.java:21)
	at sun.awt.SunGraphicsCallback.runOneComponent(SunGraphicsCallback.java:60)
	at sun.awt.SunGraphicsCallback.runComponents(SunGraphicsCallback.java:97)
	at java.awt.Container.paint(Container.java:1780)
	at java.awt.Window.paint(Window.java:3375)
	at javax.swing.RepaintManager.paintDirtyRegions(RepaintManager.java:796)
	at javax.swing.RepaintManager.paintDirtyRegions(RepaintManager.java:713)
	at javax.swing.RepaintManager.seqPaintDirtyRegions(RepaintManager.java:693)
	at javax.swing.SystemEventQueueUtilities$ComponentWorkRequest.run(SystemEventQueueUtilities.java:125)
	at java.awt.event.InvocationEvent.dispatch(InvocationEvent.java:209)
	at java.awt.EventQueue.dispatchEvent(EventQueue.java:597)
	at java.awt.EventDispatchThread.pumpOneEventForFilters(EventDispatchThread.java:269)
	at java.awt.EventDispatchThread.pumpEventsForFilter(EventDispatchThread.java:184)
	at java.awt.EventDispatchThread.pumpEventsForHierarchy(EventDispatchThread.java:174)
	at java.awt.EventDispatchThread.pumpEvents(EventDispatchThread.java:169)
	at java.awt.EventDispatchThread.pumpEvents(EventDispatchThread.java:161)
	at java.awt.EventDispatchThread.run(EventDispatchThread.java:122)
